<?xml version="1.0" encoding="UTF-8"?>
<!-- Generated by org.testng.reporters.JUnitXMLReporter -->
<testsuite hostname="SLC102476.local" ignored="0" name="Command line test" tests="7" failures="0" timestamp="30 Apr 2019 02:08:09 GMT" time="9.804" errors="0">
  <testcase name="@BeforeMethod setup" time="0.004" classname="com.automation.techassessment.api.tmdb.TVSearchTest">
    <failure type="java.lang.Error" message="com.automation.techassessment.api.errors.ApiEndpointInitializationError: Need to pass in the tmdb.apiKey java opt">
      <![CDATA[java.lang.Error: com.automation.techassessment.api.errors.ApiEndpointInitializationError: Need to pass in the tmdb.apiKey java opt
at com.automation.techassessment.api.endpoints.ApiEndpointDefaults.<clinit>(ApiEndpointDefaults.java:37)
at com.automation.techassessment.api.endpoints.ApiEndpoints$Builder.validateBaseUrl(ApiEndpoints.java:53)
at com.automation.techassessment.api.endpoints.ApiEndpoints$Builder.build(ApiEndpoints.java:72)
at com.automation.techassessment.api.tmdb.TVSearchTest.setup(TVSearchTest.java:23)
Caused by: com.automation.techassessment.api.errors.ApiEndpointInitializationError: Need to pass in the tmdb.apiKey java opt
at com.automation.techassessment.APIPropertyManager.<init>(APIPropertyManager.java:24)
at com.automation.techassessment.APIPropertyManager.getInstance(APIPropertyManager.java:36)
at com.automation.techassessment.api.endpoints.ApiEndpointDefaults.init(ApiEndpointDefaults.java:53)
at com.automation.techassessment.api.endpoints.ApiEndpointDefaults.<clinit>(ApiEndpointDefaults.java:35)
... 41 more
... Removed 38 stack frames]]>
    </failure>
  </testcase> <!-- @BeforeMethod setup -->
  <testcase name="@BeforeMethod setup" time="0.0" classname="com.automation.techassessment.api.tmdb.TVSearchTest">
    <skipped/>
  </testcase> <!-- @BeforeMethod setup -->
  <testcase name="@BeforeMethod setup" time="0.0" classname="com.automation.techassessment.api.tmdb.TVSearchTest">
    <skipped/>
  </testcase> <!-- @BeforeMethod setup -->
  <testcase name="@BeforeMethod setup" time="0.0" classname="com.automation.techassessment.api.tmdb.TVSearchTest">
    <skipped/>
  </testcase> <!-- @BeforeMethod setup -->
  <testcase name="invalidLogin" time="0.395" classname="com.automation.techassessment.ui.Sauce.SauceDemoLoginTest"/>
  <testcase name="validLogin" time="1.29" classname="com.automation.techassessment.ui.Sauce.SauceDemoLoginTest"/>
  <testcase name="addBackPackToCartTest" time="0.452" classname="com.automation.techassessment.ui.Sauce.SauceDemoCartTest"/>
  <testcase name="search_nonEnglishName_itemFound" time="0.0" classname="com.automation.techassessment.api.tmdb.TVSearchTest">
    <skipped/>
  </testcase> <!-- search_nonEnglishName_itemFound -->
  <testcase name="tv_genreList_verifyMultipleGenresAreReturned" time="0.0" classname="com.automation.techassessment.api.tmdb.TVSearchTest">
    <skipped/>
  </testcase> <!-- tv_genreList_verifyMultipleGenresAreReturned -->
  <testcase name="tv_genreList_verifyMultipleGenresAreReturned" time="0.0" classname="com.automation.techassessment.api.tmdb.TVSearchTest">
    <skipped/>
  </testcase> <!-- tv_genreList_verifyMultipleGenresAreReturned -->
  <testcase name="tv_genreList_verifyMultipleGenresAreReturned" time="0.0" classname="com.automation.techassessment.api.tmdb.TVSearchTest">
    <skipped/>
  </testcase> <!-- tv_genreList_verifyMultipleGenresAreReturned -->
</testsuite> <!-- Command line test -->
