<?xml version="1.0" encoding="UTF-8" ?>
<testsuite tests="11" failures="1" name="TestSuite" time="6.484" errors="0" skipped="7">
  <properties>
[...]
</properties>
  <testcase classname="com.automation.techassessment.ui.Sauce.SauceDemoLoginTest" name="invalidLogin" time="0.396"/>
  <testcase classname="com.automation.techassessment.ui.Sauce.SauceDemoLoginTest" name="validLogin" time="1.29"/>
  <testcase classname="com.automation.techassessment.ui.Sauce.SauceDemoCartTest" name="addBackPackToCartTest" time="0.451"/>
  <testcase classname="com.automation.techassessment.api.tmdb.TVSearchTest" name="setup" time="0.542">
    <failure message="com.automation.techassessment.api.errors.ApiEndpointInitializationError: Need to pass in the tmdb.apiKey java opt" type="java.lang.Error">java.lang.Error: com.automation.techassessment.api.errors.ApiEndpointInitializationError: Need to pass in the tmdb.apiKey java opt
	at com.automation.techassessment.api.endpoints.ApiEndpointDefaults.&lt;clinit&gt;(ApiEndpointDefaults.java:37)
	at com.automation.techassessment.api.endpoints.ApiEndpoints$Builder.validateBaseUrl(ApiEndpoints.java:53)
	at com.automation.techassessment.api.endpoints.ApiEndpoints$Builder.build(ApiEndpoints.java:72)
	at com.automation.techassessment.api.tmdb.TVSearchTest.setup(TVSearchTest.java:23)
Caused by: com.automation.techassessment.api.errors.ApiEndpointInitializationError: Need to pass in the tmdb.apiKey java opt
	at com.automation.techassessment.APIPropertyManager.&lt;init&gt;(APIPropertyManager.java:24)
	at com.automation.techassessment.APIPropertyManager.getInstance(APIPropertyManager.java:36)
	at com.automation.techassessment.api.endpoints.ApiEndpointDefaults.init(ApiEndpointDefaults.java:53)
	at com.automation.techassessment.api.endpoints.ApiEndpointDefaults.&lt;clinit&gt;(ApiEndpointDefaults.java:35)
	... 41 more
</failure>
  </testcase>
  <testcase classname="com.automation.techassessment.api.tmdb.TVSearchTest" name="search_nonEnglishName_itemFound" time="0.543">
    <skipped/>
  </testcase>
  <testcase classname="com.automation.techassessment.api.tmdb.TVSearchTest" name="setup" time="0.543">
    <skipped/>
  </testcase>
  <testcase classname="com.automation.techassessment.api.tmdb.TVSearchTest" name="tv_genreList_verifyMultipleGenresAreReturned" time="0.543">
    <skipped/>
  </testcase>
  <testcase classname="com.automation.techassessment.api.tmdb.TVSearchTest" name="setup" time="0.544">
    <skipped/>
  </testcase>
  <testcase classname="com.automation.techassessment.api.tmdb.TVSearchTest" name="tv_genreList_verifyMultipleGenresAreReturned" time="0.544">
    <skipped/>
  </testcase>
  <testcase classname="com.automation.techassessment.api.tmdb.TVSearchTest" name="setup" time="0.544">
    <skipped/>
  </testcase>
  <testcase classname="com.automation.techassessment.api.tmdb.TVSearchTest" name="tv_genreList_verifyMultipleGenresAreReturned" time="0.544">
    <skipped/>
  </testcase>
</testsuite>