<?xml version="1.0" encoding="UTF-8"?>
<testng-results skipped="4" failed="0" ignored="0" total="7" passed="3">
  <reporter-output>
  </reporter-output>
  <suite name="Command line suite" duration-ms="9804" started-at="2019-04-30T02:08:00Z" finished-at="2019-04-30T02:08:09Z">
    <groups>
    </groups>
    <test name="Command line test" duration-ms="9804" started-at="2019-04-30T02:08:00Z" finished-at="2019-04-30T02:08:09Z">
      <class name="com.automation.techassessment.ui.Sauce.SauceDemoLoginTest">
        <test-method status="PASS" signature="setupClass()[pri:0, instance:com.automation.techassessment.ui.Sauce.SauceDemoLoginTest@3c130745]" name="setupClass" is-config="true" duration-ms="9" started-at="2019-04-30T02:08:00Z" finished-at="2019-04-30T02:08:00Z">
          <reporter-output>
          </reporter-output>
        </test-method> <!-- setupClass -->
        <test-method status="PASS" signature="setUpBaseUITest(org.testng.ITestContext)[pri:0, instance:com.automation.techassessment.ui.Sauce.SauceDemoLoginTest@3c130745]" name="setUpBaseUITest" is-config="true" duration-ms="3440" started-at="2019-04-30T02:08:00Z" finished-at="2019-04-30T02:08:03Z">
          <params>
            <param index="0">
              <value>
                <![CDATA[org.testng.TestRunner@68ed96ca]]>
              </value>
            </param>
          </params>
          <reporter-output>
          </reporter-output>
        </test-method> <!-- setUpBaseUITest -->
        <test-method status="PASS" signature="invalidLogin()[pri:0, instance:com.automation.techassessment.ui.Sauce.SauceDemoLoginTest@3c130745]" name="invalidLogin" duration-ms="395" started-at="2019-04-30T02:08:03Z" finished-at="2019-04-30T02:08:04Z">
          <reporter-output>
          </reporter-output>
        </test-method> <!-- invalidLogin -->
        <test-method status="PASS" signature="cleanupBaseUITest(org.testng.ITestResult)[pri:0, instance:com.automation.techassessment.ui.Sauce.SauceDemoLoginTest@3c130745]" name="cleanupBaseUITest" is-config="true" duration-ms="85" started-at="2019-04-30T02:08:04Z" finished-at="2019-04-30T02:08:04Z">
          <params>
            <param index="0">
              <value>
                <![CDATA[[TestResult name=invalidLogin status=SUCCESS method=SauceDemoLoginTest.invalidLogin()[pri:0, instance:com.automation.techassessment.ui.Sauce.SauceDemoLoginTest@3c130745] output={null}]]]>
              </value>
            </param>
          </params>
          <reporter-output>
          </reporter-output>
        </test-method> <!-- cleanupBaseUITest -->
        <test-method status="PASS" signature="setUpBaseUITest(org.testng.ITestContext)[pri:0, instance:com.automation.techassessment.ui.Sauce.SauceDemoLoginTest@3c130745]" name="setUpBaseUITest" is-config="true" duration-ms="1678" started-at="2019-04-30T02:08:04Z" finished-at="2019-04-30T02:08:05Z">
          <params>
            <param index="0">
              <value>
                <![CDATA[org.testng.TestRunner@68ed96ca]]>
              </value>
            </param>
          </params>
          <reporter-output>
          </reporter-output>
        </test-method> <!-- setUpBaseUITest -->
        <test-method status="PASS" signature="validLogin()[pri:0, instance:com.automation.techassessment.ui.Sauce.SauceDemoLoginTest@3c130745]" name="validLogin" duration-ms="1290" started-at="2019-04-30T02:08:05Z" finished-at="2019-04-30T02:08:07Z">
          <reporter-output>
          </reporter-output>
        </test-method> <!-- validLogin -->
        <test-method status="PASS" signature="cleanupBaseUITest(org.testng.ITestResult)[pri:0, instance:com.automation.techassessment.ui.Sauce.SauceDemoLoginTest@3c130745]" name="cleanupBaseUITest" is-config="true" duration-ms="85" started-at="2019-04-30T02:08:07Z" finished-at="2019-04-30T02:08:07Z">
          <params>
            <param index="0">
              <value>
                <![CDATA[[TestResult name=validLogin status=SUCCESS method=SauceDemoLoginTest.validLogin()[pri:0, instance:com.automation.techassessment.ui.Sauce.SauceDemoLoginTest@3c130745] output={null}]]]>
              </value>
            </param>
          </params>
          <reporter-output>
          </reporter-output>
        </test-method> <!-- cleanupBaseUITest -->
      </class> <!-- com.automation.techassessment.ui.Sauce.SauceDemoLoginTest -->
      <class name="com.automation.techassessment.ui.Sauce.SauceDemoCartTest">
        <test-method status="PASS" signature="setupClass()[pri:0, instance:com.automation.techassessment.ui.Sauce.SauceDemoCartTest@cd3fee8]" name="setupClass" is-config="true" duration-ms="0" started-at="2019-04-30T02:08:07Z" finished-at="2019-04-30T02:08:07Z">
          <reporter-output>
          </reporter-output>
        </test-method> <!-- setupClass -->
        <test-method status="PASS" signature="setUpBaseUITest(org.testng.ITestContext)[pri:0, instance:com.automation.techassessment.ui.Sauce.SauceDemoCartTest@cd3fee8]" name="setUpBaseUITest" is-config="true" duration-ms="1620" started-at="2019-04-30T02:08:07Z" finished-at="2019-04-30T02:08:08Z">
          <params>
            <param index="0">
              <value>
                <![CDATA[org.testng.TestRunner@68ed96ca]]>
              </value>
            </param>
          </params>
          <reporter-output>
          </reporter-output>
        </test-method> <!-- setUpBaseUITest -->
        <test-method status="PASS" signature="setup()[pri:0, instance:com.automation.techassessment.ui.Sauce.SauceDemoCartTest@cd3fee8]" name="setup" is-config="true" duration-ms="644" started-at="2019-04-30T02:08:08Z" finished-at="2019-04-30T02:08:09Z">
          <reporter-output>
          </reporter-output>
        </test-method> <!-- setup -->
        <test-method status="PASS" signature="addBackPackToCartTest()[pri:0, instance:com.automation.techassessment.ui.Sauce.SauceDemoCartTest@cd3fee8]" name="addBackPackToCartTest" duration-ms="452" started-at="2019-04-30T02:08:09Z" finished-at="2019-04-30T02:08:09Z">
          <reporter-output>
          </reporter-output>
        </test-method> <!-- addBackPackToCartTest -->
        <test-method status="PASS" signature="cleanupBaseUITest(org.testng.ITestResult)[pri:0, instance:com.automation.techassessment.ui.Sauce.SauceDemoCartTest@cd3fee8]" name="cleanupBaseUITest" is-config="true" duration-ms="85" started-at="2019-04-30T02:08:09Z" finished-at="2019-04-30T02:08:09Z">
          <params>
            <param index="0">
              <value>
                <![CDATA[[TestResult name=addBackPackToCartTest status=SUCCESS method=SauceDemoCartTest.addBackPackToCartTest()[pri:0, instance:com.automation.techassessment.ui.Sauce.SauceDemoCartTest@cd3fee8] output={null}]]]>
              </value>
            </param>
          </params>
          <reporter-output>
          </reporter-output>
        </test-method> <!-- cleanupBaseUITest -->
      </class> <!-- com.automation.techassessment.ui.Sauce.SauceDemoCartTest -->
      <class name="com.automation.techassessment.api.tmdb.TVSearchTest">
        <test-method status="FAIL" signature="setup()[pri:0, instance:com.automation.techassessment.api.tmdb.TVSearchTest@3e2e18f2]" name="setup" is-config="true" duration-ms="4" started-at="2019-04-30T02:08:09Z" finished-at="2019-04-30T02:08:09Z">
          <exception class="java.lang.Error">
            <message>
              <![CDATA[com.automation.techassessment.api.errors.ApiEndpointInitializationError: Need to pass in the tmdb.apiKey java opt]]>
            </message>
            <full-stacktrace>
              <![CDATA[java.lang.Error: com.automation.techassessment.api.errors.ApiEndpointInitializationError: Need to pass in the tmdb.apiKey java opt
at com.automation.techassessment.api.endpoints.ApiEndpointDefaults.<clinit>(ApiEndpointDefaults.java:37)
at com.automation.techassessment.api.endpoints.ApiEndpoints$Builder.validateBaseUrl(ApiEndpoints.java:53)
at com.automation.techassessment.api.endpoints.ApiEndpoints$Builder.build(ApiEndpoints.java:72)
at com.automation.techassessment.api.tmdb.TVSearchTest.setup(TVSearchTest.java:23)
at sun.reflect.NativeMethodAccessorImpl.invoke0(Native Method)
at sun.reflect.NativeMethodAccessorImpl.invoke(NativeMethodAccessorImpl.java:62)
at sun.reflect.DelegatingMethodAccessorImpl.invoke(DelegatingMethodAccessorImpl.java:43)
at java.lang.reflect.Method.invoke(Method.java:498)
at org.testng.internal.MethodInvocationHelper.invokeMethod(MethodInvocationHelper.java:124)
at org.testng.internal.MethodInvocationHelper.invokeMethodConsideringTimeout(MethodInvocationHelper.java:59)
at org.testng.internal.Invoker.invokeConfigurationMethod(Invoker.java:458)
at org.testng.internal.Invoker.invokeConfigurations(Invoker.java:222)
at org.testng.internal.Invoker.invokeMethod(Invoker.java:523)
at org.testng.internal.Invoker.invokeTestMethod(Invoker.java:719)
at org.testng.internal.Invoker.invokeTestMethods(Invoker.java:989)
at org.testng.internal.TestMethodWorker.invokeTestMethods(TestMethodWorker.java:125)
at org.testng.internal.TestMethodWorker.run(TestMethodWorker.java:109)
at org.testng.TestRunner.privateRun(TestRunner.java:648)
at org.testng.TestRunner.run(TestRunner.java:505)
at org.testng.SuiteRunner.runTest(SuiteRunner.java:455)
at org.testng.SuiteRunner.runSequentially(SuiteRunner.java:450)
at org.testng.SuiteRunner.privateRun(SuiteRunner.java:415)
at org.testng.SuiteRunner.run(SuiteRunner.java:364)
at org.testng.SuiteRunnerWorker.runSuite(SuiteRunnerWorker.java:52)
at org.testng.SuiteRunnerWorker.run(SuiteRunnerWorker.java:84)
at org.testng.TestNG.runSuitesSequentially(TestNG.java:1208)
at org.testng.TestNG.runSuitesLocally(TestNG.java:1137)
at org.testng.TestNG.runSuites(TestNG.java:1049)
at org.testng.TestNG.run(TestNG.java:1017)
at org.apache.maven.surefire.testng.TestNGExecutor.run(TestNGExecutor.java:77)
at org.apache.maven.surefire.testng.TestNGDirectoryTestSuite.executeMulti(TestNGDirectoryTestSuite.java:159)
at org.apache.maven.surefire.testng.TestNGDirectoryTestSuite.execute(TestNGDirectoryTestSuite.java:99)
at org.apache.maven.surefire.testng.TestNGProvider.invoke(TestNGProvider.java:106)
at sun.reflect.NativeMethodAccessorImpl.invoke0(Native Method)
at sun.reflect.NativeMethodAccessorImpl.invoke(NativeMethodAccessorImpl.java:62)
at sun.reflect.DelegatingMethodAccessorImpl.invoke(DelegatingMethodAccessorImpl.java:43)
at java.lang.reflect.Method.invoke(Method.java:498)
at org.apache.maven.surefire.util.ReflectionUtils.invokeMethodWithArray(ReflectionUtils.java:189)
at org.apache.maven.surefire.booter.ProviderFactory$ProviderProxy.invoke(ProviderFactory.java:165)
at org.apache.maven.surefire.booter.ProviderFactory.invokeProvider(ProviderFactory.java:85)
at org.apache.maven.surefire.booter.ForkedBooter.runSuitesInProcess(ForkedBooter.java:115)
at org.apache.maven.surefire.booter.ForkedBooter.main(ForkedBooter.java:75)
Caused by: com.automation.techassessment.api.errors.ApiEndpointInitializationError: Need to pass in the tmdb.apiKey java opt
at com.automation.techassessment.APIPropertyManager.<init>(APIPropertyManager.java:24)
at com.automation.techassessment.APIPropertyManager.getInstance(APIPropertyManager.java:36)
at com.automation.techassessment.api.endpoints.ApiEndpointDefaults.init(ApiEndpointDefaults.java:53)
at com.automation.techassessment.api.endpoints.ApiEndpointDefaults.<clinit>(ApiEndpointDefaults.java:35)
... 41 more
]]>
            </full-stacktrace>
          </exception> <!-- java.lang.Error -->
          <reporter-output>
          </reporter-output>
        </test-method> <!-- setup -->
        <test-method status="SKIP" signature="search_nonEnglishName_itemFound()[pri:0, instance:com.automation.techassessment.api.tmdb.TVSearchTest@3e2e18f2]" name="search_nonEnglishName_itemFound" duration-ms="0" started-at="2019-04-30T02:08:09Z" finished-at="2019-04-30T02:08:09Z">
          <exception class="java.lang.Error">
            <message>
              <![CDATA[com.automation.techassessment.api.errors.ApiEndpointInitializationError: Need to pass in the tmdb.apiKey java opt]]>
            </message>
            <full-stacktrace>
              <![CDATA[java.lang.Error: com.automation.techassessment.api.errors.ApiEndpointInitializationError: Need to pass in the tmdb.apiKey java opt
at com.automation.techassessment.api.endpoints.ApiEndpointDefaults.<clinit>(ApiEndpointDefaults.java:37)
at com.automation.techassessment.api.endpoints.ApiEndpoints$Builder.validateBaseUrl(ApiEndpoints.java:53)
at com.automation.techassessment.api.endpoints.ApiEndpoints$Builder.build(ApiEndpoints.java:72)
at com.automation.techassessment.api.tmdb.TVSearchTest.setup(TVSearchTest.java:23)
at sun.reflect.NativeMethodAccessorImpl.invoke0(Native Method)
at sun.reflect.NativeMethodAccessorImpl.invoke(NativeMethodAccessorImpl.java:62)
at sun.reflect.DelegatingMethodAccessorImpl.invoke(DelegatingMethodAccessorImpl.java:43)
at java.lang.reflect.Method.invoke(Method.java:498)
at org.testng.internal.MethodInvocationHelper.invokeMethod(MethodInvocationHelper.java:124)
at org.testng.internal.MethodInvocationHelper.invokeMethodConsideringTimeout(MethodInvocationHelper.java:59)
at org.testng.internal.Invoker.invokeConfigurationMethod(Invoker.java:458)
at org.testng.internal.Invoker.invokeConfigurations(Invoker.java:222)
at org.testng.internal.Invoker.invokeMethod(Invoker.java:523)
at org.testng.internal.Invoker.invokeTestMethod(Invoker.java:719)
at org.testng.internal.Invoker.invokeTestMethods(Invoker.java:989)
at org.testng.internal.TestMethodWorker.invokeTestMethods(TestMethodWorker.java:125)
at org.testng.internal.TestMethodWorker.run(TestMethodWorker.java:109)
at org.testng.TestRunner.privateRun(TestRunner.java:648)
at org.testng.TestRunner.run(TestRunner.java:505)
at org.testng.SuiteRunner.runTest(SuiteRunner.java:455)
at org.testng.SuiteRunner.runSequentially(SuiteRunner.java:450)
at org.testng.SuiteRunner.privateRun(SuiteRunner.java:415)
at org.testng.SuiteRunner.run(SuiteRunner.java:364)
at org.testng.SuiteRunnerWorker.runSuite(SuiteRunnerWorker.java:52)
at org.testng.SuiteRunnerWorker.run(SuiteRunnerWorker.java:84)
at org.testng.TestNG.runSuitesSequentially(TestNG.java:1208)
at org.testng.TestNG.runSuitesLocally(TestNG.java:1137)
at org.testng.TestNG.runSuites(TestNG.java:1049)
at org.testng.TestNG.run(TestNG.java:1017)
at org.apache.maven.surefire.testng.TestNGExecutor.run(TestNGExecutor.java:77)
at org.apache.maven.surefire.testng.TestNGDirectoryTestSuite.executeMulti(TestNGDirectoryTestSuite.java:159)
at org.apache.maven.surefire.testng.TestNGDirectoryTestSuite.execute(TestNGDirectoryTestSuite.java:99)
at org.apache.maven.surefire.testng.TestNGProvider.invoke(TestNGProvider.java:106)
at sun.reflect.NativeMethodAccessorImpl.invoke0(Native Method)
at sun.reflect.NativeMethodAccessorImpl.invoke(NativeMethodAccessorImpl.java:62)
at sun.reflect.DelegatingMethodAccessorImpl.invoke(DelegatingMethodAccessorImpl.java:43)
at java.lang.reflect.Method.invoke(Method.java:498)
at org.apache.maven.surefire.util.ReflectionUtils.invokeMethodWithArray(ReflectionUtils.java:189)
at org.apache.maven.surefire.booter.ProviderFactory$ProviderProxy.invoke(ProviderFactory.java:165)
at org.apache.maven.surefire.booter.ProviderFactory.invokeProvider(ProviderFactory.java:85)
at org.apache.maven.surefire.booter.ForkedBooter.runSuitesInProcess(ForkedBooter.java:115)
at org.apache.maven.surefire.booter.ForkedBooter.main(ForkedBooter.java:75)
Caused by: com.automation.techassessment.api.errors.ApiEndpointInitializationError: Need to pass in the tmdb.apiKey java opt
at com.automation.techassessment.APIPropertyManager.<init>(APIPropertyManager.java:24)
at com.automation.techassessment.APIPropertyManager.getInstance(APIPropertyManager.java:36)
at com.automation.techassessment.api.endpoints.ApiEndpointDefaults.init(ApiEndpointDefaults.java:53)
at com.automation.techassessment.api.endpoints.ApiEndpointDefaults.<clinit>(ApiEndpointDefaults.java:35)
... 41 more
]]>
            </full-stacktrace>
          </exception> <!-- java.lang.Error -->
          <reporter-output>
          </reporter-output>
        </test-method> <!-- search_nonEnglishName_itemFound -->
        <test-method status="SKIP" signature="tv_genreList_verifyMultipleGenresAreReturned(java.lang.String)[pri:0, instance:com.automation.techassessment.api.tmdb.TVSearchTest@3e2e18f2]" name="tv_genreList_verifyMultipleGenresAreReturned" duration-ms="0" started-at="2019-04-30T02:08:09Z" data-provider="genreList" finished-at="2019-04-30T02:08:09Z">
          <exception class="java.lang.Error">
            <message>
              <![CDATA[com.automation.techassessment.api.errors.ApiEndpointInitializationError: Need to pass in the tmdb.apiKey java opt]]>
            </message>
            <full-stacktrace>
              <![CDATA[java.lang.Error: com.automation.techassessment.api.errors.ApiEndpointInitializationError: Need to pass in the tmdb.apiKey java opt
at com.automation.techassessment.api.endpoints.ApiEndpointDefaults.<clinit>(ApiEndpointDefaults.java:37)
at com.automation.techassessment.api.endpoints.ApiEndpoints$Builder.validateBaseUrl(ApiEndpoints.java:53)
at com.automation.techassessment.api.endpoints.ApiEndpoints$Builder.build(ApiEndpoints.java:72)
at com.automation.techassessment.api.tmdb.TVSearchTest.setup(TVSearchTest.java:23)
at sun.reflect.NativeMethodAccessorImpl.invoke0(Native Method)
at sun.reflect.NativeMethodAccessorImpl.invoke(NativeMethodAccessorImpl.java:62)
at sun.reflect.DelegatingMethodAccessorImpl.invoke(DelegatingMethodAccessorImpl.java:43)
at java.lang.reflect.Method.invoke(Method.java:498)
at org.testng.internal.MethodInvocationHelper.invokeMethod(MethodInvocationHelper.java:124)
at org.testng.internal.MethodInvocationHelper.invokeMethodConsideringTimeout(MethodInvocationHelper.java:59)
at org.testng.internal.Invoker.invokeConfigurationMethod(Invoker.java:458)
at org.testng.internal.Invoker.invokeConfigurations(Invoker.java:222)
at org.testng.internal.Invoker.invokeMethod(Invoker.java:523)
at org.testng.internal.Invoker.invokeTestMethod(Invoker.java:719)
at org.testng.internal.Invoker.invokeTestMethods(Invoker.java:989)
at org.testng.internal.TestMethodWorker.invokeTestMethods(TestMethodWorker.java:125)
at org.testng.internal.TestMethodWorker.run(TestMethodWorker.java:109)
at org.testng.TestRunner.privateRun(TestRunner.java:648)
at org.testng.TestRunner.run(TestRunner.java:505)
at org.testng.SuiteRunner.runTest(SuiteRunner.java:455)
at org.testng.SuiteRunner.runSequentially(SuiteRunner.java:450)
at org.testng.SuiteRunner.privateRun(SuiteRunner.java:415)
at org.testng.SuiteRunner.run(SuiteRunner.java:364)
at org.testng.SuiteRunnerWorker.runSuite(SuiteRunnerWorker.java:52)
at org.testng.SuiteRunnerWorker.run(SuiteRunnerWorker.java:84)
at org.testng.TestNG.runSuitesSequentially(TestNG.java:1208)
at org.testng.TestNG.runSuitesLocally(TestNG.java:1137)
at org.testng.TestNG.runSuites(TestNG.java:1049)
at org.testng.TestNG.run(TestNG.java:1017)
at org.apache.maven.surefire.testng.TestNGExecutor.run(TestNGExecutor.java:77)
at org.apache.maven.surefire.testng.TestNGDirectoryTestSuite.executeMulti(TestNGDirectoryTestSuite.java:159)
at org.apache.maven.surefire.testng.TestNGDirectoryTestSuite.execute(TestNGDirectoryTestSuite.java:99)
at org.apache.maven.surefire.testng.TestNGProvider.invoke(TestNGProvider.java:106)
at sun.reflect.NativeMethodAccessorImpl.invoke0(Native Method)
at sun.reflect.NativeMethodAccessorImpl.invoke(NativeMethodAccessorImpl.java:62)
at sun.reflect.DelegatingMethodAccessorImpl.invoke(DelegatingMethodAccessorImpl.java:43)
at java.lang.reflect.Method.invoke(Method.java:498)
at org.apache.maven.surefire.util.ReflectionUtils.invokeMethodWithArray(ReflectionUtils.java:189)
at org.apache.maven.surefire.booter.ProviderFactory$ProviderProxy.invoke(ProviderFactory.java:165)
at org.apache.maven.surefire.booter.ProviderFactory.invokeProvider(ProviderFactory.java:85)
at org.apache.maven.surefire.booter.ForkedBooter.runSuitesInProcess(ForkedBooter.java:115)
at org.apache.maven.surefire.booter.ForkedBooter.main(ForkedBooter.java:75)
Caused by: com.automation.techassessment.api.errors.ApiEndpointInitializationError: Need to pass in the tmdb.apiKey java opt
at com.automation.techassessment.APIPropertyManager.<init>(APIPropertyManager.java:24)
at com.automation.techassessment.APIPropertyManager.getInstance(APIPropertyManager.java:36)
at com.automation.techassessment.api.endpoints.ApiEndpointDefaults.init(ApiEndpointDefaults.java:53)
at com.automation.techassessment.api.endpoints.ApiEndpointDefaults.<clinit>(ApiEndpointDefaults.java:35)
... 41 more
]]>
            </full-stacktrace>
          </exception> <!-- java.lang.Error -->
          <reporter-output>
          </reporter-output>
        </test-method> <!-- tv_genreList_verifyMultipleGenresAreReturned -->
        <test-method status="SKIP" signature="setup()[pri:0, instance:com.automation.techassessment.api.tmdb.TVSearchTest@3e2e18f2]" name="setup" is-config="true" duration-ms="0" started-at="2019-04-30T02:08:09Z" finished-at="2019-04-30T02:08:09Z">
          <reporter-output>
          </reporter-output>
        </test-method> <!-- setup -->
        <test-method status="SKIP" signature="setup()[pri:0, instance:com.automation.techassessment.api.tmdb.TVSearchTest@3e2e18f2]" name="setup" is-config="true" duration-ms="0" started-at="2019-04-30T02:08:09Z" finished-at="2019-04-30T02:08:09Z">
          <reporter-output>
          </reporter-output>
        </test-method> <!-- setup -->
        <test-method status="SKIP" signature="tv_genreList_verifyMultipleGenresAreReturned(java.lang.String)[pri:0, instance:com.automation.techassessment.api.tmdb.TVSearchTest@3e2e18f2]" name="tv_genreList_verifyMultipleGenresAreReturned" duration-ms="0" started-at="2019-04-30T02:08:09Z" data-provider="genreList" finished-at="2019-04-30T02:08:09Z">
          <exception class="java.lang.Error">
            <message>
              <![CDATA[com.automation.techassessment.api.errors.ApiEndpointInitializationError: Need to pass in the tmdb.apiKey java opt]]>
            </message>
            <full-stacktrace>
              <![CDATA[java.lang.Error: com.automation.techassessment.api.errors.ApiEndpointInitializationError: Need to pass in the tmdb.apiKey java opt
at com.automation.techassessment.api.endpoints.ApiEndpointDefaults.<clinit>(ApiEndpointDefaults.java:37)
at com.automation.techassessment.api.endpoints.ApiEndpoints$Builder.validateBaseUrl(ApiEndpoints.java:53)
at com.automation.techassessment.api.endpoints.ApiEndpoints$Builder.build(ApiEndpoints.java:72)
at com.automation.techassessment.api.tmdb.TVSearchTest.setup(TVSearchTest.java:23)
at sun.reflect.NativeMethodAccessorImpl.invoke0(Native Method)
at sun.reflect.NativeMethodAccessorImpl.invoke(NativeMethodAccessorImpl.java:62)
at sun.reflect.DelegatingMethodAccessorImpl.invoke(DelegatingMethodAccessorImpl.java:43)
at java.lang.reflect.Method.invoke(Method.java:498)
at org.testng.internal.MethodInvocationHelper.invokeMethod(MethodInvocationHelper.java:124)
at org.testng.internal.MethodInvocationHelper.invokeMethodConsideringTimeout(MethodInvocationHelper.java:59)
at org.testng.internal.Invoker.invokeConfigurationMethod(Invoker.java:458)
at org.testng.internal.Invoker.invokeConfigurations(Invoker.java:222)
at org.testng.internal.Invoker.invokeMethod(Invoker.java:523)
at org.testng.internal.Invoker.invokeTestMethod(Invoker.java:719)
at org.testng.internal.Invoker.invokeTestMethods(Invoker.java:989)
at org.testng.internal.TestMethodWorker.invokeTestMethods(TestMethodWorker.java:125)
at org.testng.internal.TestMethodWorker.run(TestMethodWorker.java:109)
at org.testng.TestRunner.privateRun(TestRunner.java:648)
at org.testng.TestRunner.run(TestRunner.java:505)
at org.testng.SuiteRunner.runTest(SuiteRunner.java:455)
at org.testng.SuiteRunner.runSequentially(SuiteRunner.java:450)
at org.testng.SuiteRunner.privateRun(SuiteRunner.java:415)
at org.testng.SuiteRunner.run(SuiteRunner.java:364)
at org.testng.SuiteRunnerWorker.runSuite(SuiteRunnerWorker.java:52)
at org.testng.SuiteRunnerWorker.run(SuiteRunnerWorker.java:84)
at org.testng.TestNG.runSuitesSequentially(TestNG.java:1208)
at org.testng.TestNG.runSuitesLocally(TestNG.java:1137)
at org.testng.TestNG.runSuites(TestNG.java:1049)
at org.testng.TestNG.run(TestNG.java:1017)
at org.apache.maven.surefire.testng.TestNGExecutor.run(TestNGExecutor.java:77)
at org.apache.maven.surefire.testng.TestNGDirectoryTestSuite.executeMulti(TestNGDirectoryTestSuite.java:159)
at org.apache.maven.surefire.testng.TestNGDirectoryTestSuite.execute(TestNGDirectoryTestSuite.java:99)
at org.apache.maven.surefire.testng.TestNGProvider.invoke(TestNGProvider.java:106)
at sun.reflect.NativeMethodAccessorImpl.invoke0(Native Method)
at sun.reflect.NativeMethodAccessorImpl.invoke(NativeMethodAccessorImpl.java:62)
at sun.reflect.DelegatingMethodAccessorImpl.invoke(DelegatingMethodAccessorImpl.java:43)
at java.lang.reflect.Method.invoke(Method.java:498)
at org.apache.maven.surefire.util.ReflectionUtils.invokeMethodWithArray(ReflectionUtils.java:189)
at org.apache.maven.surefire.booter.ProviderFactory$ProviderProxy.invoke(ProviderFactory.java:165)
at org.apache.maven.surefire.booter.ProviderFactory.invokeProvider(ProviderFactory.java:85)
at org.apache.maven.surefire.booter.ForkedBooter.runSuitesInProcess(ForkedBooter.java:115)
at org.apache.maven.surefire.booter.ForkedBooter.main(ForkedBooter.java:75)
Caused by: com.automation.techassessment.api.errors.ApiEndpointInitializationError: Need to pass in the tmdb.apiKey java opt
at com.automation.techassessment.APIPropertyManager.<init>(APIPropertyManager.java:24)
at com.automation.techassessment.APIPropertyManager.getInstance(APIPropertyManager.java:36)
at com.automation.techassessment.api.endpoints.ApiEndpointDefaults.init(ApiEndpointDefaults.java:53)
at com.automation.techassessment.api.endpoints.ApiEndpointDefaults.<clinit>(ApiEndpointDefaults.java:35)
... 41 more
]]>
            </full-stacktrace>
          </exception> <!-- java.lang.Error -->
          <reporter-output>
          </reporter-output>
        </test-method> <!-- tv_genreList_verifyMultipleGenresAreReturned -->
        <test-method status="SKIP" signature="setup()[pri:0, instance:com.automation.techassessment.api.tmdb.TVSearchTest@3e2e18f2]" name="setup" is-config="true" duration-ms="0" started-at="2019-04-30T02:08:09Z" finished-at="2019-04-30T02:08:09Z">
          <reporter-output>
          </reporter-output>
        </test-method> <!-- setup -->
        <test-method status="SKIP" signature="tv_genreList_verifyMultipleGenresAreReturned(java.lang.String)[pri:0, instance:com.automation.techassessment.api.tmdb.TVSearchTest@3e2e18f2]" name="tv_genreList_verifyMultipleGenresAreReturned" duration-ms="0" started-at="2019-04-30T02:08:09Z" data-provider="genreList" finished-at="2019-04-30T02:08:09Z">
          <exception class="java.lang.Error">
            <message>
              <![CDATA[com.automation.techassessment.api.errors.ApiEndpointInitializationError: Need to pass in the tmdb.apiKey java opt]]>
            </message>
            <full-stacktrace>
              <![CDATA[java.lang.Error: com.automation.techassessment.api.errors.ApiEndpointInitializationError: Need to pass in the tmdb.apiKey java opt
at com.automation.techassessment.api.endpoints.ApiEndpointDefaults.<clinit>(ApiEndpointDefaults.java:37)
at com.automation.techassessment.api.endpoints.ApiEndpoints$Builder.validateBaseUrl(ApiEndpoints.java:53)
at com.automation.techassessment.api.endpoints.ApiEndpoints$Builder.build(ApiEndpoints.java:72)
at com.automation.techassessment.api.tmdb.TVSearchTest.setup(TVSearchTest.java:23)
at sun.reflect.NativeMethodAccessorImpl.invoke0(Native Method)
at sun.reflect.NativeMethodAccessorImpl.invoke(NativeMethodAccessorImpl.java:62)
at sun.reflect.DelegatingMethodAccessorImpl.invoke(DelegatingMethodAccessorImpl.java:43)
at java.lang.reflect.Method.invoke(Method.java:498)
at org.testng.internal.MethodInvocationHelper.invokeMethod(MethodInvocationHelper.java:124)
at org.testng.internal.MethodInvocationHelper.invokeMethodConsideringTimeout(MethodInvocationHelper.java:59)
at org.testng.internal.Invoker.invokeConfigurationMethod(Invoker.java:458)
at org.testng.internal.Invoker.invokeConfigurations(Invoker.java:222)
at org.testng.internal.Invoker.invokeMethod(Invoker.java:523)
at org.testng.internal.Invoker.invokeTestMethod(Invoker.java:719)
at org.testng.internal.Invoker.invokeTestMethods(Invoker.java:989)
at org.testng.internal.TestMethodWorker.invokeTestMethods(TestMethodWorker.java:125)
at org.testng.internal.TestMethodWorker.run(TestMethodWorker.java:109)
at org.testng.TestRunner.privateRun(TestRunner.java:648)
at org.testng.TestRunner.run(TestRunner.java:505)
at org.testng.SuiteRunner.runTest(SuiteRunner.java:455)
at org.testng.SuiteRunner.runSequentially(SuiteRunner.java:450)
at org.testng.SuiteRunner.privateRun(SuiteRunner.java:415)
at org.testng.SuiteRunner.run(SuiteRunner.java:364)
at org.testng.SuiteRunnerWorker.runSuite(SuiteRunnerWorker.java:52)
at org.testng.SuiteRunnerWorker.run(SuiteRunnerWorker.java:84)
at org.testng.TestNG.runSuitesSequentially(TestNG.java:1208)
at org.testng.TestNG.runSuitesLocally(TestNG.java:1137)
at org.testng.TestNG.runSuites(TestNG.java:1049)
at org.testng.TestNG.run(TestNG.java:1017)
at org.apache.maven.surefire.testng.TestNGExecutor.run(TestNGExecutor.java:77)
at org.apache.maven.surefire.testng.TestNGDirectoryTestSuite.executeMulti(TestNGDirectoryTestSuite.java:159)
at org.apache.maven.surefire.testng.TestNGDirectoryTestSuite.execute(TestNGDirectoryTestSuite.java:99)
at org.apache.maven.surefire.testng.TestNGProvider.invoke(TestNGProvider.java:106)
at sun.reflect.NativeMethodAccessorImpl.invoke0(Native Method)
at sun.reflect.NativeMethodAccessorImpl.invoke(NativeMethodAccessorImpl.java:62)
at sun.reflect.DelegatingMethodAccessorImpl.invoke(DelegatingMethodAccessorImpl.java:43)
at java.lang.reflect.Method.invoke(Method.java:498)
at org.apache.maven.surefire.util.ReflectionUtils.invokeMethodWithArray(ReflectionUtils.java:189)
at org.apache.maven.surefire.booter.ProviderFactory$ProviderProxy.invoke(ProviderFactory.java:165)
at org.apache.maven.surefire.booter.ProviderFactory.invokeProvider(ProviderFactory.java:85)
at org.apache.maven.surefire.booter.ForkedBooter.runSuitesInProcess(ForkedBooter.java:115)
at org.apache.maven.surefire.booter.ForkedBooter.main(ForkedBooter.java:75)
Caused by: com.automation.techassessment.api.errors.ApiEndpointInitializationError: Need to pass in the tmdb.apiKey java opt
at com.automation.techassessment.APIPropertyManager.<init>(APIPropertyManager.java:24)
at com.automation.techassessment.APIPropertyManager.getInstance(APIPropertyManager.java:36)
at com.automation.techassessment.api.endpoints.ApiEndpointDefaults.init(ApiEndpointDefaults.java:53)
at com.automation.techassessment.api.endpoints.ApiEndpointDefaults.<clinit>(ApiEndpointDefaults.java:35)
... 41 more
]]>
            </full-stacktrace>
          </exception> <!-- java.lang.Error -->
          <reporter-output>
          </reporter-output>
        </test-method> <!-- tv_genreList_verifyMultipleGenresAreReturned -->
      </class> <!-- com.automation.techassessment.api.tmdb.TVSearchTest -->
    </test> <!-- Command line test -->
  </suite> <!-- Command line suite -->
</testng-results>
